<?xml version="1.0" encoding="UTF-8"?>
<testsuite name="Registro" tests="1" skipped="0" failures="0" errors="0" timestamp="2023-02-02T02:30:40" hostname="SQABOG-SQA4337" time="19.513">
  <properties/>
  <testcase name="Registro exitoso" classname="Registro" time="19.513"/>
  <system-out><![CDATA[]]></system-out>
  <system-err><![CDATA[Starting ChromeDriver 109.0.5414.74 (e7c5703604daa9cc128ccf5a5d3e993513758913-refs/branch-heads/5414@{#1172}) on port 50683
Only local connections are allowed.
Please see https://chromedriver.chromium.org/security-considerations for suggestions on keeping ChromeDriver safe.
ChromeDriver was started successfully.
feb 01, 2023 9:30:44 PM org.openqa.selenium.remote.ProtocolHandshake createSession
INFORMACIÓN: Detected upstream dialect: W3C
feb 01, 2023 9:30:44 PM org.openqa.selenium.devtools.CdpVersionFinder findNearestMatch
ADVERTENCIA: Unable to find an exact match for CDP version 109, so returning the closest version found: 106
feb 01, 2023 9:30:44 PM org.openqa.selenium.devtools.CdpVersionFinder findNearestMatch
INFORMACIÓN: Found CDP implementation for version 109 of 106
]]></system-err>
</testsuite>
